# JRE version: Java(TM) SE Runtime Environment (7.0_80-b15) (build 1.7.0_80-b15)
# Java VM: Java HotSpot(TM) 64-Bit Server VM (24.80-b11 mixed mode linux-amd64 compressed oops)
Heap
 PSYoungGen      total 169472K, used 17384K [0x00000000ebe80000, 0x00000000f7a80000, 0x0000000100000000)
  eden space 152064K, 0% used [0x00000000ebe80000,0x00000000ebe80000,0x00000000f5300000)
  from space 17408K, 99% used [0x00000000f5300000,0x00000000f63fa020,0x00000000f6400000)
  to   space 11776K, 0% used [0x00000000f6400000,0x00000000f6400000,0x00000000f6f80000)
 ParOldGen       total 67072K, used 47692K [0x00000000c3c00000, 0x00000000c7d80000, 0x00000000ebe80000)
  object space 67072K, 71% used [0x00000000c3c00000,0x00000000c6a93018,0x00000000c7d80000)
 PSPermGen       total 60928K, used 30433K [0x00000000bea00000, 0x00000000c2580000, 0x00000000c3c00000)
  object space 60928K, 49% used [0x00000000bea00000,0x00000000c07b85c0,0x00000000c2580000)
GC Heap History (10 events):
Event: 22,522 GC heap after
Heap after GC invocations=9 (full 0):
 PSYoungGen      total 70144K, used 8176K [0x00000000ebe80000, 0x00000000f3480000, 0x0000000100000000)
  eden space 61952K, 0% used [0x00000000ebe80000,0x00000000ebe80000,0x00000000efb00000)
  from space 8192K, 99% used [0x00000000efb00000,0x00000000f02fc250,0x00000000f0300000)
  to   space 10752K, 0% used [0x00000000f2a00000,0x00000000f2a00000,0x00000000f3480000)
 ParOldGen       total 40960K, used 14802K [0x00000000c3c00000, 0x00000000c6400000, 0x00000000ebe80000)
  object space 40960K, 36% used [0x00000000c3c00000,0x00000000c4a74be8,0x00000000c6400000)
 PSPermGen       total 30208K, used 29697K [0x00000000bea00000, 0x00000000c0780000, 0x00000000c3c00000)
  object space 30208K, 98% used [0x00000000bea00000,0x00000000c07006c8,0x00000000c0780000)
}
Event: 26,455 GC heap before
{Heap before GC invocations=10 (full 0):
 PSYoungGen      total 70144K, used 70128K [0x00000000ebe80000, 0x00000000f3480000, 0x0000000100000000)
  eden space 61952K, 100% used [0x00000000ebe80000,0x00000000efb00000,0x00000000efb00000)
  from space 8192K, 99% used [0x00000000efb00000,0x00000000f02fc250,0x00000000f0300000)
  to   space 10752K, 0% used [0x00000000f2a00000,0x00000000f2a00000,0x00000000f3480000)
 ParOldGen       total 40960K, used 14802K [0x00000000c3c00000, 0x00000000c6400000, 0x00000000ebe80000)
  object space 40960K, 36% used [0x00000000c3c00000,0x00000000c4a74be8,0x00000000c6400000)
 PSPermGen       total 30208K, used 29904K [0x00000000bea00000, 0x00000000c0780000, 0x00000000c3c00000)
  object space 30208K, 98% used [0x00000000bea00000,0x00000000c07341c0,0x00000000c0780000)
Event: 26,511 GC heap after
Heap after GC invocations=10 (full 0):
 PSYoungGen      total 109056K, used 9598K [0x00000000ebe80000, 0x00000000f3680000, 0x0000000100000000)
  eden space 98304K, 0% used [0x00000000ebe80000,0x00000000ebe80000,0x00000000f1e80000)
  from space 10752K, 89% used [0x00000000f2a00000,0x00000000f335faf0,0x00000000f3480000)
  to   space 11776K, 0% used [0x00000000f1e80000,0x00000000f1e80000,0x00000000f2a00000)
 ParOldGen       total 40960K, used 17816K [0x00000000c3c00000, 0x00000000c6400000, 0x00000000ebe80000)
  object space 40960K, 43% used [0x00000000c3c00000,0x00000000c4d66120,0x00000000c6400000)
 PSPermGen       total 30208K, used 29904K [0x00000000bea00000, 0x00000000c0780000, 0x00000000c3c00000)
  object space 30208K, 98% used [0x00000000bea00000,0x00000000c07341c0,0x00000000c0780000)
}
Event: 34,041 GC heap before
{Heap before GC invocations=11 (full 0):
 PSYoungGen      total 109056K, used 107902K [0x00000000ebe80000, 0x00000000f3680000, 0x0000000100000000)
  eden space 98304K, 100% used [0x00000000ebe80000,0x00000000f1e80000,0x00000000f1e80000)
  from space 10752K, 89% used [0x00000000f2a00000,0x00000000f335faf0,0x00000000f3480000)
  to   space 11776K, 0% used [0x00000000f1e80000,0x00000000f1e80000,0x00000000f2a00000)
 ParOldGen       total 40960K, used 17816K [0x00000000c3c00000, 0x00000000c6400000, 0x00000000ebe80000)
  object space 40960K, 43% used [0x00000000c3c00000,0x00000000c4d66120,0x00000000c6400000)
 PSPermGen       total 30208K, used 30101K [0x00000000bea00000, 0x00000000c0780000, 0x00000000c3c00000)
  object space 30208K, 99% used [0x00000000bea00000,0x00000000c0765708,0x00000000c0780000)
Event: 40,592 GC heap after
Heap after GC invocations=11 (full 0):
 PSYoungGen      total 110080K, used 7994K [0x00000000ebe80000, 0x00000000f6f80000, 0x0000000100000000)
  eden space 98304K, 0% used [0x00000000ebe80000,0x00000000ebe80000,0x00000000f1e80000)
  from space 11776K, 67% used [0x00000000f1e80000,0x00000000f264ea40,0x00000000f2a00000)
  to   space 11776K, 0% used [0x00000000f6400000,0x00000000f6400000,0x00000000f6f80000)
 ParOldGen       total 40960K, used 26469K [0x00000000c3c00000, 0x00000000c6400000, 0x00000000ebe80000)
  object space 40960K, 64% used [0x00000000c3c00000,0x00000000c55d96c0,0x00000000c6400000)
 PSPermGen       total 30208K, used 30101K [0x00000000bea00000, 0x00000000c0780000, 0x00000000c3c00000)
  object space 30208K, 99% used [0x00000000bea00000,0x00000000c0765708,0x00000000c0780000)
}
Event: 45,758 GC heap before
{Heap before GC invocations=12 (full 0):
 PSYoungGen      total 110080K, used 106298K [0x00000000ebe80000, 0x00000000f6f80000, 0x0000000100000000)
  eden space 98304K, 100% used [0x00000000ebe80000,0x00000000f1e80000,0x00000000f1e80000)
  from space 11776K, 67% used [0x00000000f1e80000,0x00000000f264ea40,0x00000000f2a00000)
  to   space 11776K, 0% used [0x00000000f6400000,0x00000000f6400000,0x00000000f6f80000)
 ParOldGen       total 40960K, used 26469K [0x00000000c3c00000, 0x00000000c6400000, 0x00000000ebe80000)
  object space 40960K, 64% used [0x00000000c3c00000,0x00000000c55d96c0,0x00000000c6400000)
 PSPermGen       total 30720K, used 30324K [0x00000000bea00000, 0x00000000c0800000, 0x00000000c3c00000)
  object space 30720K, 98% used [0x00000000bea00000,0x00000000c079d0e0,0x00000000c0800000)
Event: 46,853 GC heap after
Heap after GC invocations=12 (full 0):
 PSYoungGen      total 163840K, used 11744K [0x00000000ebe80000, 0x00000000f7a80000, 0x0000000100000000)
  eden space 152064K, 0% used [0x00000000ebe80000,0x00000000ebe80000,0x00000000f5300000)
  from space 11776K, 99% used [0x00000000f6400000,0x00000000f6f78260,0x00000000f6f80000)
  to   space 17408K, 0% used [0x00000000f5300000,0x00000000f5300000,0x00000000f6400000)
 ParOldGen       total 40960K, used 36935K [0x00000000c3c00000, 0x00000000c6400000, 0x00000000ebe80000)
  object space 40960K, 90% used [0x00000000c3c00000,0x00000000c6011e30,0x00000000c6400000)
 PSPermGen       total 30720K, used 30324K [0x00000000bea00000, 0x00000000c0800000, 0x00000000c3c00000)
  object space 30720K, 98% used [0x00000000bea00000,0x00000000c079d0e0,0x00000000c0800000)
}
Event: 46,865 GC heap before
{Heap before GC invocations=13 (full 1):
 PSYoungGen      total 163840K, used 11744K [0x00000000ebe80000, 0x00000000f7a80000, 0x0000000100000000)
  eden space 152064K, 0% used [0x00000000ebe80000,0x00000000ebe80000,0x00000000f5300000)
  from space 11776K, 99% used [0x00000000f6400000,0x00000000f6f78260,0x00000000f6f80000)
  to   space 17408K, 0% used [0x00000000f5300000,0x00000000f5300000,0x00000000f6400000)
 ParOldGen       total 40960K, used 36935K [0x00000000c3c00000, 0x00000000c6400000, 0x00000000ebe80000)
  object space 40960K, 90% used [0x00000000c3c00000,0x00000000c6011e30,0x00000000c6400000)
 PSPermGen       total 30720K, used 30324K [0x00000000bea00000, 0x00000000c0800000, 0x00000000c3c00000)
  object space 30720K, 98% used [0x00000000bea00000,0x00000000c079d0e0,0x00000000c0800000)
Event: 48,857 GC heap after
Heap after GC invocations=13 (full 1):
 PSYoungGen      total 163840K, used 0K [0x00000000ebe80000, 0x00000000f7a80000, 0x0000000100000000)
  eden space 152064K, 0% used [0x00000000ebe80000,0x00000000ebe80000,0x00000000f5300000)
  from space 11776K, 0% used [0x00000000f6400000,0x00000000f6400000,0x00000000f6f80000)
  to   space 17408K, 0% used [0x00000000f5300000,0x00000000f5300000,0x00000000f6400000)
 ParOldGen       total 67072K, used 37487K [0x00000000c3c00000, 0x00000000c7d80000, 0x00000000ebe80000)
  object space 67072K, 55% used [0x00000000c3c00000,0x00000000c609bfa0,0x00000000c7d80000)
 PSPermGen       total 60928K, used 30291K [0x00000000bea00000, 0x00000000c2580000, 0x00000000c3c00000)
  object space 60928K, 49% used [0x00000000bea00000,0x00000000c0794ec0,0x00000000c2580000)
}
Event: 63,560 GC heap before
{Heap before GC invocations=14 (full 1):
 PSYoungGen      total 163840K, used 152064K [0x00000000ebe80000, 0x00000000f7a80000, 0x0000000100000000)
  eden space 152064K, 100% used [0x00000000ebe80000,0x00000000f5300000,0x00000000f5300000)
  from space 11776K, 0% used [0x00000000f6400000,0x00000000f6400000,0x00000000f6f80000)
  to   space 17408K, 0% used [0x00000000f5300000,0x00000000f5300000,0x00000000f6400000)
 ParOldGen       total 67072K, used 37487K [0x00000000c3c00000, 0x00000000c7d80000, 0x00000000ebe80000)
  object space 67072K, 55% used [0x00000000c3c00000,0x00000000c609bfa0,0x00000000c7d80000)
 PSPermGen       total 60928K, used 30433K [0x00000000bea00000, 0x00000000c2580000, 0x00000000c3c00000)
  object space 60928K, 49% used [0x00000000bea00000,0x00000000c07b85c0,0x00000000c2580000)

